<?xml version="1.0" encoding="UTF-8"?>
<!-- Generated by org.testng.reporters.JUnitReportReporter -->
<testsuite hostname="DESKTOP-0SU3NLQ" failures="0" tests="1" name="WorkingWithTestNG.WorkingwithTestAnnotation" time="0.009" errors="0" timestamp="2023-11-09T00:22:55 IST" skipped="0">
  <testcase classname="WorkingWithTestNG.WorkingwithTestAnnotation" name="testCase" time="0.009"/>
</testsuite> <!-- WorkingWithTestNG.WorkingwithTestAnnotation -->
