<?xml version="1.0" encoding="UTF-8"?>
<!-- Generated by org.testng.reporters.JUnitReportReporter -->
<testsuite hostname="DESKTOP-0SU3NLQ" failures="0" tests="4" name="WorkingWithTestNG.Workingwithenabled" time="0.008" errors="0" timestamp="2023-11-09T00:45:34 IST" skipped="1">
  <testcase classname="WorkingWithTestNG.Workingwithenabled" name="registration" time="0.006"/>
  <testcase classname="WorkingWithTestNG.Workingwithenabled" name="login" time="0.002"/>
  <testcase classname="WorkingWithTestNG.Workingwithenabled" name="placeorder" time="0.000"/>
  <testcase classname="WorkingWithTestNG.Workingwithenabled" name="addToCart">
    <skipped/>
  </testcase> <!-- addToCart -->
</testsuite> <!-- WorkingWithTestNG.Workingwithenabled -->
