<?xml version="1.0" encoding="UTF-8"?>
<!-- Generated by org.testng.reporters.JUnitReportReporter -->
<testsuite hostname="DESKTOP-0SU3NLQ" failures="0" tests="1" name="WorkingWithTestNG.WorkingwithConfigureAnnotation" time="0.005" errors="0" timestamp="2023-11-09T23:40:45 IST" skipped="0">
  <testcase classname="WorkingWithTestNG.WorkingwithConfigureAnnotation" name="testCase01" time="0.005"/>
</testsuite> <!-- WorkingWithTestNG.WorkingwithConfigureAnnotation -->
