<?xml version="1.0" encoding="UTF-8"?>
<!-- Generated by org.testng.reporters.JUnitReportReporter -->
<testsuite hostname="DESKTOP-0SU3NLQ" failures="0" tests="4" name="WorkingWithTestNG.WorkingwithDependsOnMethod" time="0.018" errors="0" timestamp="2023-11-09T01:02:40 IST" skipped="1">
  <testcase classname="WorkingWithTestNG.WorkingwithDependsOnMethod" name="login" time="0.003"/>
  <testcase classname="WorkingWithTestNG.WorkingwithDependsOnMethod" name="registration" time="0.014"/>
  <testcase classname="WorkingWithTestNG.WorkingwithDependsOnMethod" name="placeorder" time="0.001"/>
  <testcase classname="WorkingWithTestNG.WorkingwithDependsOnMethod" name="addToCart">
    <skipped/>
  </testcase> <!-- addToCart -->
</testsuite> <!-- WorkingWithTestNG.WorkingwithDependsOnMethod -->
