<?xml version="1.0" encoding="UTF-8"?>
<!-- Generated by org.testng.reporters.JUnitReportReporter -->
<testsuite hostname="DESKTOP-0SU3NLQ" failures="0" tests="4" name="WorkingWithTestNG.Workingwithmultipaltestannotation" time="0.010" errors="0" timestamp="2023-11-09T00:40:13 IST" skipped="0">
  <testcase classname="WorkingWithTestNG.Workingwithmultipaltestannotation" name="registration" time="0.007"/>
  <testcase classname="WorkingWithTestNG.Workingwithmultipaltestannotation" name="login" time="0.001"/>
  <testcase classname="WorkingWithTestNG.Workingwithmultipaltestannotation" name="addToCart" time="0.001"/>
  <testcase classname="WorkingWithTestNG.Workingwithmultipaltestannotation" name="placeorder" time="0.001"/>
</testsuite> <!-- WorkingWithTestNG.Workingwithmultipaltestannotation -->
